Build started 12/21/2015 11:36:59 PM.
     1>Project "D:\vs projects\AES encryption\AES encryption\AES encryption.vcxproj" on node 2 (build target(s)).
     1>InitializeBuildStatus:
         Creating "Debug\AES encryption.unsuccessfulbuild" because "AlwaysCreate" was specified.
       ClCompile:
         d:\visual studio\VC\bin\CL.exe /c /ZI /nologo /W3 /WX- /Od /Oy- /D WIN32 /D _DEBUG /D _CONSOLE /D _UNICODE /D UNICODE /Gm /EHsc /RTC1 /MDd /GS /fp:precise /Zc:wchar_t /Zc:forScope /Fo"Debug\\" /Fd"Debug\vc100.pdb" /Gd /TP /analyze- /errorReport:prompt main.cpp
         main.cpp
     1>d:\vs projects\aes encryption\aes encryption\main.cpp(202): warning C4244: '=' : conversion from 'unsigned long' to 'unsigned char', possible loss of data
     1>d:\vs projects\aes encryption\aes encryption\main.cpp(203): warning C4244: '=' : conversion from 'unsigned long' to 'unsigned char', possible loss of data
     1>d:\vs projects\aes encryption\aes encryption\main.cpp(204): warning C4244: '=' : conversion from 'unsigned long' to 'unsigned char', possible loss of data
     1>d:\vs projects\aes encryption\aes encryption\main.cpp(237): warning C4244: '=' : conversion from 'unsigned long' to 'unsigned char', possible loss of data
     1>d:\vs projects\aes encryption\aes encryption\main.cpp(238): warning C4244: '=' : conversion from 'unsigned long' to 'unsigned char', possible loss of data
     1>d:\vs projects\aes encryption\aes encryption\main.cpp(239): warning C4244: '=' : conversion from 'unsigned long' to 'unsigned char', possible loss of data
     1>d:\vs projects\aes encryption\aes encryption\main.cpp(248): warning C4244: '=' : conversion from 'unsigned long' to 'unsigned char', possible loss of data
     1>d:\vs projects\aes encryption\aes encryption\main.cpp(249): warning C4244: '=' : conversion from 'unsigned long' to 'unsigned char', possible loss of data
     1>d:\vs projects\aes encryption\aes encryption\main.cpp(250): warning C4244: '=' : conversion from 'unsigned long' to 'unsigned char', possible loss of data
       ManifestResourceCompile:
         All outputs are up-to-date.
       Link:
         d:\visual studio\VC\bin\link.exe /ERRORREPORT:PROMPT /OUT:"D:\vs projects\AES encryption\Debug\AES encryption.exe" /INCREMENTAL /NOLOGO kernel32.lib user32.lib gdi32.lib winspool.lib comdlg32.lib advapi32.lib shell32.lib ole32.lib oleaut32.lib uuid.lib odbc32.lib odbccp32.lib /MANIFEST /ManifestFile:"Debug\AES encryption.exe.intermediate.manifest" /MANIFESTUAC:"level='asInvoker' uiAccess='false'" /DEBUG /PDB:"D:\vs projects\AES encryption\Debug\AES encryption.pdb" /SUBSYSTEM:CONSOLE /TLBID:1 /DYNAMICBASE /NXCOMPAT /IMPLIB:"D:\vs projects\AES encryption\Debug\AES encryption.lib" /MACHINE:X86 "Debug\AES encryption.exe.embed.manifest.res"
         Debug\main.obj
       Manifest:
         C:\Program Files (x86)\Microsoft SDKs\Windows\v7.0A\bin\mt.exe /nologo /verbose /out:"Debug\AES encryption.exe.embed.manifest" /manifest "Debug\AES encryption.exe.intermediate.manifest"
         All outputs are up-to-date.
       LinkEmbedManifest:
         All outputs are up-to-date.
         AES encryption.vcxproj -> D:\vs projects\AES encryption\Debug\AES encryption.exe
       FinalizeBuildStatus:
         Deleting file "Debug\AES encryption.unsuccessfulbuild".
         Touching "Debug\AES encryption.lastbuildstate".
     1>Done Building Project "D:\vs projects\AES encryption\AES encryption\AES encryption.vcxproj" (build target(s)).

Build succeeded.

Time Elapsed 00:00:00.72
