Build started 12/21/2015 11:29:34 PM.
     1>Project "D:\vs projects\AES encryption\AES encryption\AES encryption.vcxproj" on node 2 (build target(s)).
     1>InitializeBuildStatus:
         Creating "Release\AES encryption.unsuccessfulbuild" because "AlwaysCreate" was specified.
       ClCompile:
         d:\visual studio\VC\bin\CL.exe /c /Zi /nologo /W3 /WX- /O2 /Oi /Oy- /GL /D WIN32 /D NDEBUG /D _CONSOLE /D _UNICODE /D UNICODE /Gm- /EHsc /MD /GS /Gy /fp:precise /Zc:wchar_t /Zc:forScope /Fo"Release\\" /Fd"Release\vc100.pdb" /Gd /TP /analyze- /errorReport:prompt main.cpp
         main.cpp
     1>main.cpp(43): warning C4996: 'scanf': This function or variable may be unsafe. Consider using scanf_s instead. To disable deprecation, use _CRT_SECURE_NO_WARNINGS. See online help for details.
                 d:\visual studio\VC\include\stdio.h(304) : see declaration of 'scanf'
     1>main.cpp(49): warning C4996: 'scanf': This function or variable may be unsafe. Consider using scanf_s instead. To disable deprecation, use _CRT_SECURE_NO_WARNINGS. See online help for details.
                 d:\visual studio\VC\include\stdio.h(304) : see declaration of 'scanf'
     1>main.cpp(56): warning C4996: 'scanf': This function or variable may be unsafe. Consider using scanf_s instead. To disable deprecation, use _CRT_SECURE_NO_WARNINGS. See online help for details.
                 d:\visual studio\VC\include\stdio.h(304) : see declaration of 'scanf'
     1>main.cpp(59): warning C4996: 'scanf': This function or variable may be unsafe. Consider using scanf_s instead. To disable deprecation, use _CRT_SECURE_NO_WARNINGS. See online help for details.
                 d:\visual studio\VC\include\stdio.h(304) : see declaration of 'scanf'
     1>main.cpp(202): warning C4244: '=' : conversion from 'unsigned long' to 'unsigned char', possible loss of data
     1>main.cpp(203): warning C4244: '=' : conversion from 'unsigned long' to 'unsigned char', possible loss of data
     1>main.cpp(204): warning C4244: '=' : conversion from 'unsigned long' to 'unsigned char', possible loss of data
     1>main.cpp(237): warning C4244: '=' : conversion from 'unsigned long' to 'unsigned char', possible loss of data
     1>main.cpp(238): warning C4244: '=' : conversion from 'unsigned long' to 'unsigned char', possible loss of data
     1>main.cpp(239): warning C4244: '=' : conversion from 'unsigned long' to 'unsigned char', possible loss of data
     1>main.cpp(248): warning C4244: '=' : conversion from 'unsigned long' to 'unsigned char', possible loss of data
     1>main.cpp(249): warning C4244: '=' : conversion from 'unsigned long' to 'unsigned char', possible loss of data
     1>main.cpp(250): warning C4244: '=' : conversion from 'unsigned long' to 'unsigned char', possible loss of data
       Link:
         d:\visual studio\VC\bin\link.exe /ERRORREPORT:PROMPT /OUT:"D:\vs projects\AES encryption\Release\AES encryption.exe" /INCREMENTAL:NO /NOLOGO kernel32.lib user32.lib gdi32.lib winspool.lib comdlg32.lib advapi32.lib shell32.lib ole32.lib oleaut32.lib uuid.lib odbc32.lib odbccp32.lib /MANIFEST /ManifestFile:"Release\AES encryption.exe.intermediate.manifest" /MANIFESTUAC:"level='asInvoker' uiAccess='false'" /DEBUG /PDB:"D:\vs projects\AES encryption\Release\AES encryption.pdb" /SUBSYSTEM:CONSOLE /OPT:REF /OPT:ICF /LTCG /TLBID:1 /DYNAMICBASE /NXCOMPAT /IMPLIB:"D:\vs projects\AES encryption\Release\AES encryption.lib" /MACHINE:X86 /PROFILE Release\main.obj
         Generating code
         Finished generating code
         AES encryption.vcxproj -> D:\vs projects\AES encryption\Release\AES encryption.exe
       Manifest:
         C:\Program Files (x86)\Microsoft SDKs\Windows\v7.0A\bin\mt.exe /nologo /verbose /outputresource:"D:\vs projects\AES encryption\Release\AES encryption.exe;#1" /manifest "Release\AES encryption.exe.intermediate.manifest"
       FinalizeBuildStatus:
         Deleting file "Release\AES encryption.unsuccessfulbuild".
         Touching "Release\AES encryption.lastbuildstate".
     1>Done Building Project "D:\vs projects\AES encryption\AES encryption\AES encryption.vcxproj" (build target(s)).

Build succeeded.

Time Elapsed 00:00:02.38
